{"meta": {"format": 3, "version": "7.13.0", "timestamp": "2025-12-21T05:04:04.359077", "branch_coverage": true, "show_contexts": false}, "files": {"scripts/benchmark_throughput.py": {"executed_lines": [2, 23, 24, 25, 26, 27, 28, 29, 31, 32, 38, 39, 40, 41, 42, 43, 44, 45, 46, 47, 48, 52, 64, 71, 73, 74, 83, 85, 86, 88, 91, 92, 100, 110, 125, 178, 180, 181, 182, 186, 187, 188, 191, 193, 195, 196, 198, 205, 206, 207, 208, 214, 217, 355], "summary": {"covered_lines": 52, "num_statements": 152, "percent_covered": 31.72043010752688, "percent_covered_display": "32", "missing_lines": 100, "excluded_lines": 2, "percent_statements_covered": 34.21052631578947, "percent_statements_covered_display": "34", "num_branches": 34, "num_partial_branches": 1, "covered_branches": 7, "missing_branches": 27, "percent_branches_covered": 20.58823529411765, "percent_branches_covered_display": "21"}, "missing_lines": [33, 34, 35, 93, 95, 96, 98, 102, 103, 104, 105, 106, 107, 117, 118, 119, 120, 122, 133, 134, 135, 136, 138, 140, 141, 142, 144, 145, 146, 147, 149, 150, 152, 155, 156, 157, 158, 159, 160, 162, 163, 165, 218, 222, 227, 232, 238, 244, 251, 253, 254, 257, 258, 259, 260, 261, 262, 265, 267, 268, 269, 275, 276, 278, 281, 282, 301, 302, 308, 311, 312, 313, 314, 316, 317, 319, 322, 323, 324, 325, 328, 329, 330, 332, 333, 334, 335, 336, 338, 339, 340, 343, 344, 345, 346, 347, 348, 349, 350, 352], "excluded_lines": [355, 356], "executed_branches": [[85, 86], [85, 88], [91, 92], [195, 196], [195, 198], [206, 207], [206, 214]], "missing_branches": [[91, 93], [93, 95], [93, 98], [118, 119], [118, 122], [141, 142], [141, 152], [144, 141], [144, 145], [146, 147], [146, 149], [155, 156], [155, 162], [258, 259], [258, 262], [267, 268], [267, 278], [281, 282], [281, 311], [316, 317], [316, 319], [333, 334], [333, 338], [335, 333], [335, 336], [347, 348], [347, 352]], "functions": {"make_request": {"executed_lines": [71, 73, 74, 83, 85, 86, 88, 91, 92, 100], "summary": {"covered_lines": 10, "num_statements": 20, "percent_covered": 50.0, "percent_covered_display": "50", "missing_lines": 10, "excluded_lines": 0, "percent_statements_covered": 50.0, "percent_statements_covered_display": "50", "num_branches": 6, "num_partial_branches": 1, "covered_branches": 3, "missing_branches": 3, "percent_branches_covered": 50.0, "percent_branches_covered_display": "50"}, "missing_lines": [93, 95, 96, 98, 102, 103, 104, 105, 106, 107], "excluded_lines": [], "executed_branches": [[85, 86], [85, 88], [91, 92]], "missing_branches": [[91, 93], [93, 95], [93, 98]]}, "run_batch": {"executed_lines": [], "summary": {"covered_lines": 0, "num_statements": 5, "percent_covered": 0.0, "percent_covered_display": "0", "missing_lines": 5, "excluded_lines": 0, "percent_statements_covered": 0.0, "percent_statements_covered_display": "0", "num_branches": 2, "num_partial_branches": 0, "covered_branches": 0, "missing_branches": 2, "percent_branches_covered": 0.0, "percent_branches_covered_display": "0"}, "missing_lines": [117, 118, 119, 120, 122], "excluded_lines": [], "executed_branches": [], "missing_branches": [[118, 119], [118, 122]]}, "benchmark_batch_size": {"executed_lines": [], "summary": {"covered_lines": 0, "num_statements": 24, "percent_covered": 0.0, "percent_covered_display": "0", "missing_lines": 24, "excluded_lines": 0, "percent_statements_covered": 0.0, "percent_statements_covered_display": "0", "num_branches": 8, "num_partial_branches": 0, "covered_branches": 0, "missing_branches": 8, "percent_branches_covered": 0.0, "percent_branches_covered_display": "0"}, "missing_lines": [133, 134, 135, 136, 138, 140, 141, 142, 144, 145, 146, 147, 149, 150, 152, 155, 156, 157, 158, 159, 160, 162, 163, 165], "excluded_lines": [], "executed_branches": [], "missing_branches": [[141, 142], [141, 152], [144, 141], [144, 145], [146, 147], [146, 149], [155, 156], [155, 162]]}, "check_health": {"executed_lines": [180, 181, 182, 186, 187, 188], "summary": {"covered_lines": 6, "num_statements": 6, "percent_covered": 100.0, "percent_covered_display": "100", "missing_lines": 0, "excluded_lines": 0, "percent_statements_covered": 100.0, "percent_statements_covered_display": "100", "num_branches": 0, "num_partial_branches": 0, "covered_branches": 0, "missing_branches": 0, "percent_branches_covered": 100.0, "percent_branches_covered_display": "100"}, "missing_lines": [], "excluded_lines": [], "executed_branches": [], "missing_branches": []}, "calculate_costs": {"executed_lines": [193, 195, 196, 198, 205, 206, 207, 208, 214], "summary": {"covered_lines": 9, "num_statements": 9, "percent_covered": 100.0, "percent_covered_display": "100", "missing_lines": 0, "excluded_lines": 0, "percent_statements_covered": 100.0, "percent_statements_covered_display": "100", "num_branches": 4, "num_partial_branches": 0, "covered_branches": 4, "missing_branches": 0, "percent_branches_covered": 100.0, "percent_branches_covered_display": "100"}, "missing_lines": [], "excluded_lines": [], "executed_branches": [[195, 196], [195, 198], [206, 207], [206, 214]], "missing_branches": []}, "main": {"executed_lines": [], "summary": {"covered_lines": 0, "num_statements": 58, "percent_covered": 0.0, "percent_covered_display": "0", "missing_lines": 58, "excluded_lines": 0, "percent_statements_covered": 0.0, "percent_statements_covered_display": "0", "num_branches": 14, "num_partial_branches": 0, "covered_branches": 0, "missing_branches": 14, "percent_branches_covered": 0.0, "percent_branches_covered_display": "0"}, "missing_lines": [218, 222, 227, 232, 238, 244, 251, 253, 254, 257, 258, 259, 260, 261, 262, 265, 267, 268, 269, 275, 276, 278, 281, 282, 301, 302, 308, 311, 312, 313, 314, 316, 317, 319, 322, 323, 324, 325, 328, 329, 330, 332, 333, 334, 335, 336, 338, 339, 340, 343, 344, 345, 346, 347, 348, 349, 350, 352], "excluded_lines": [], "executed_branches": [], "missing_branches": [[258, 259], [258, 262], [267, 268], [267, 278], [281, 282], [281, 311], [316, 317], [316, 319], [333, 334], [333, 338], [335, 333], [335, 336], [347, 348], [347, 352]]}, "": {"executed_lines": [2, 23, 24, 25, 26, 27, 28, 29, 31, 32, 38, 39, 40, 41, 42, 43, 44, 45, 46, 47, 48, 52, 64, 110, 125, 178, 191, 217, 355], "summary": {"covered_lines": 27, "num_statements": 30, "percent_covered": 90.0, "percent_covered_display": "90", "missing_lines": 3, "excluded_lines": 2, "percent_statements_covered": 90.0, "percent_statements_covered_display": "90", "num_branches": 0, "num_partial_branches": 0, "covered_branches": 0, "missing_branches": 0, "percent_branches_covered": 100.0, "percent_branches_covered_display": "100"}, "missing_lines": [33, 34, 35], "excluded_lines": [355, 356], "executed_branches": [], "missing_branches": []}}, "classes": {"BenchmarkResult": {"executed_lines": [], "summary": {"covered_lines": 0, "num_statements": 0, "percent_covered": 100.0, "percent_covered_display": "100", "missing_lines": 0, "excluded_lines": 0, "percent_statements_covered": 100.0, "percent_statements_covered_display": "100", "num_branches": 0, "num_partial_branches": 0, "covered_branches": 0, "missing_branches": 0, "percent_branches_covered": 100.0, "percent_branches_covered_display": "100"}, "missing_lines": [], "excluded_lines": [], "executed_branches": [], "missing_branches": []}, "": {"executed_lines": [2, 23, 24, 25, 26, 27, 28, 29, 31, 32, 38, 39, 40, 41, 42, 43, 44, 45, 46, 47, 48, 52, 64, 71, 73, 74, 83, 85, 86, 88, 91, 92, 100, 110, 125, 178, 180, 181, 182, 186, 187, 188, 191, 193, 195, 196, 198, 205, 206, 207, 208, 214, 217, 355], "summary": {"covered_lines": 52, "num_statements": 152, "percent_covered": 31.72043010752688, "percent_covered_display": "32", "missing_lines": 100, "excluded_lines": 2, "percent_statements_covered": 34.21052631578947, "percent_statements_covered_display": "34", "num_branches": 34, "num_partial_branches": 1, "covered_branches": 7, "missing_branches": 27, "percent_branches_covered": 20.58823529411765, "percent_branches_covered_display": "21"}, "missing_lines": [33, 34, 35, 93, 95, 96, 98, 102, 103, 104, 105, 106, 107, 117, 118, 119, 120, 122, 133, 134, 135, 136, 138, 140, 141, 142, 144, 145, 146, 147, 149, 150, 152, 155, 156, 157, 158, 159, 160, 162, 163, 165, 218, 222, 227, 232, 238, 244, 251, 253, 254, 257, 258, 259, 260, 261, 262, 265, 267, 268, 269, 275, 276, 278, 281, 282, 301, 302, 308, 311, 312, 313, 314, 316, 317, 319, 322, 323, 324, 325, 328, 329, 330, 332, 333, 334, 335, 336, 338, 339, 340, 343, 344, 345, 346, 347, 348, 349, 350, 352], "excluded_lines": [355, 356], "executed_branches": [[85, 86], [85, 88], [91, 92], [195, 196], [195, 198], [206, 207], [206, 214]], "missing_branches": [[91, 93], [93, 95], [93, 98], [118, 119], [118, 122], [141, 142], [141, 152], [144, 141], [144, 145], [146, 147], [146, 149], [155, 156], [155, 162], [258, 259], [258, 262], [267, 268], [267, 278], [281, 282], [281, 311], [316, 317], [316, 319], [333, 334], [333, 338], [335, 333], [335, 336], [347, 348], [347, 352]]}}}, "scripts/run_tests.py": {"executed_lines": [2, 16, 17, 18, 19, 20, 21, 22, 23, 25, 26, 29, 30, 31, 33, 34, 35, 36, 37, 40, 41, 42, 44, 45, 46, 47, 48, 49, 50, 51, 52, 53, 55, 56, 57, 58, 61, 63, 70, 71, 72, 73, 74, 75, 76, 77, 78, 80, 83, 89, 92, 93, 94, 95, 97, 98, 103, 104, 113, 117, 118, 121, 122, 123, 126, 127, 128, 130, 131, 132, 133, 134, 137, 138, 143, 144, 145, 146, 148, 151, 230, 295, 296, 302, 307, 313, 318, 323, 328, 334, 408], "summary": {"covered_lines": 87, "num_statements": 197, "percent_covered": 38.31417624521073, "percent_covered_display": "38", "missing_lines": 110, "excluded_lines": 2, "percent_statements_covered": 44.16243654822335, "percent_statements_covered_display": "44", "num_branches": 64, "num_partial_branches": 3, "covered_branches": 13, "missing_branches": 51, "percent_branches_covered": 20.3125, "percent_branches_covered_display": "20"}, "missing_lines": [96, 100, 114, 156, 158, 159, 160, 162, 174, 175, 178, 179, 180, 183, 184, 185, 187, 188, 189, 190, 192, 193, 198, 199, 200, 201, 204, 205, 206, 207, 210, 211, 213, 214, 215, 216, 217, 218, 219, 221, 222, 223, 224, 225, 227, 237, 238, 240, 258, 259, 261, 263, 270, 271, 272, 273, 275, 276, 277, 278, 279, 280, 281, 282, 283, 284, 285, 288, 289, 290, 292, 345, 346, 347, 350, 351, 352, 356, 357, 359, 360, 363, 364, 365, 371, 374, 375, 377, 378, 381, 382, 384, 385, 386, 387, 388, 389, 390, 392, 393, 394, 395, 396, 397, 398, 400, 401, 402, 403, 405], "excluded_lines": [408, 409], "executed_branches": [[75, 76], [75, 80], [93, 94], [93, 95], [95, 97], [97, 98], [113, 117], [126, 127], [126, 148], [137, 138], [137, 148], [143, 144], [143, 146]], "missing_branches": [[95, 96], [97, 100], [113, 114], [183, 184], [183, 204], [192, 193], [192, 204], [198, 199], [198, 201], [204, 205], [204, 210], [210, 211], [210, 213], [221, 222], [221, 227], [223, 224], [223, 227], [224, 223], [224, 225], [271, 272], [271, 288], [273, 275], [273, 288], [275, 276], [275, 288], [276, 275], [276, 277], [288, 289], [288, 292], [345, 346], [345, 350], [351, 352], [351, 363], [356, 357], [356, 359], [363, 364], [363, 377], [374, 375], [374, 381], [381, 382], [381, 384], [392, 393], [392, 400], [394, 395], [394, 400], [395, 394], [395, 396], [397, 394], [397, 398], [400, 401], [400, 405]], "functions": {"TestSummary.to_dict": {"executed_lines": [56, 57, 58], "summary": {"covered_lines": 3, "num_statements": 3, "percent_covered": 100.0, "percent_covered_display": "100", "missing_lines": 0, "excluded_lines": 0, "percent_statements_covered": 100.0, "percent_statements_covered_display": "100", "num_branches": 0, "num_partial_branches": 0, "covered_branches": 0, "missing_branches": 0, "percent_branches_covered": 100.0, "percent_branches_covered_display": "100"}, "missing_lines": [], "excluded_lines": [], "executed_branches": [], "missing_branches": []}, "check_infrastructure": {"executed_lines": [63, 70, 71, 72, 73, 74, 75, 76, 77, 78, 80], "summary": {"covered_lines": 11, "num_statements": 11, "percent_covered": 100.0, "percent_covered_display": "100", "missing_lines": 0, "excluded_lines": 0, "percent_statements_covered": 100.0, "percent_statements_covered_display": "100", "num_branches": 2, "num_partial_branches": 0, "covered_branches": 2, "missing_branches": 0, "percent_branches_covered": 100.0, "percent_branches_covered_display": "100"}, "missing_lines": [], "excluded_lines": [], "executed_branches": [[75, 76], [75, 80]], "missing_branches": []}, "run_pytest": {"executed_lines": [89, 92, 93, 94, 95, 97, 98, 103, 104, 113, 117, 118, 121, 122, 123, 126, 127, 128, 130, 131, 132, 133, 134, 137, 138, 143, 144, 145, 146, 148], "summary": {"covered_lines": 30, "num_statements": 33, "percent_covered": 87.23404255319149, "percent_covered_display": "87", "missing_lines": 3, "excluded_lines": 0, "percent_statements_covered": 90.9090909090909, "percent_statements_covered_display": "91", "num_branches": 14, "num_partial_branches": 3, "covered_branches": 11, "missing_branches": 3, "percent_branches_covered": 78.57142857142857, "percent_branches_covered_display": "79"}, "missing_lines": [96, 100, 114], "excluded_lines": [], "executed_branches": [[93, 94], [93, 95], [95, 97], [97, 98], [113, 117], [126, 127], [126, 148], [137, 138], [137, 148], [143, 144], [143, 146]], "missing_branches": [[95, 96], [97, 100], [113, 114]]}, "run_cloud_smoke": {"executed_lines": [], "summary": {"covered_lines": 0, "num_statements": 42, "percent_covered": 0.0, "percent_covered_display": "0", "missing_lines": 42, "excluded_lines": 0, "percent_statements_covered": 0.0, "percent_statements_covered_display": "0", "num_branches": 16, "num_partial_branches": 0, "covered_branches": 0, "missing_branches": 16, "percent_branches_covered": 0.0, "percent_branches_covered_display": "0"}, "missing_lines": [156, 158, 159, 160, 162, 174, 175, 178, 179, 180, 183, 184, 185, 187, 188, 189, 190, 192, 193, 198, 199, 200, 201, 204, 205, 206, 207, 210, 211, 213, 214, 215, 216, 217, 218, 219, 221, 222, 223, 224, 225, 227], "excluded_lines": [], "executed_branches": [], "missing_branches": [[183, 184], [183, 204], [192, 193], [192, 204], [198, 199], [198, 201], [204, 205], [204, 210], [210, 211], [210, 213], [221, 222], [221, 227], [223, 224], [223, 227], [224, 223], [224, 225]]}, "run_load_test": {"executed_lines": [], "summary": {"covered_lines": 0, "num_statements": 26, "percent_covered": 0.0, "percent_covered_display": "0", "missing_lines": 26, "excluded_lines": 0, "percent_statements_covered": 0.0, "percent_statements_covered_display": "0", "num_branches": 10, "num_partial_branches": 0, "covered_branches": 0, "missing_branches": 10, "percent_branches_covered": 0.0, "percent_branches_covered_display": "0"}, "missing_lines": [237, 238, 240, 258, 259, 261, 263, 270, 271, 272, 273, 275, 276, 277, 278, 279, 280, 281, 282, 283, 284, 285, 288, 289, 290, 292], "excluded_lines": [], "executed_branches": [], "missing_branches": [[271, 272], [271, 288], [273, 275], [273, 288], [275, 276], [275, 288], [276, 275], [276, 277], [288, 289], [288, 292]]}, "main": {"executed_lines": [], "summary": {"covered_lines": 0, "num_statements": 39, "percent_covered": 0.0, "percent_covered_display": "0", "missing_lines": 39, "excluded_lines": 0, "percent_statements_covered": 0.0, "percent_statements_covered_display": "0", "num_branches": 22, "num_partial_branches": 0, "covered_branches": 0, "missing_branches": 22, "percent_branches_covered": 0.0, "percent_branches_covered_display": "0"}, "missing_lines": [345, 346, 347, 350, 351, 352, 356, 357, 359, 360, 363, 364, 365, 371, 374, 375, 377, 378, 381, 382, 384, 385, 386, 387, 388, 389, 390, 392, 393, 394, 395, 396, 397, 398, 400, 401, 402, 403, 405], "excluded_lines": [], "executed_branches": [], "missing_branches": [[345, 346], [345, 350], [351, 352], [351, 363], [356, 357], [356, 359], [363, 364], [363, 377], [374, 375], [374, 381], [381, 382], [381, 384], [392, 393], [392, 400], [394, 395], [394, 400], [395, 394], [395, 396], [397, 394], [397, 398], [400, 401], [400, 405]]}, "": {"executed_lines": [2, 16, 17, 18, 19, 20, 21, 22, 23, 25, 26, 29, 30, 31, 33, 34, 35, 36, 37, 40, 41, 42, 44, 45, 46, 47, 48, 49, 50, 51, 52, 53, 55, 61, 83, 151, 230, 295, 296, 302, 307, 313, 318, 323, 328, 334, 408], "summary": {"covered_lines": 43, "num_statements": 43, "percent_covered": 100.0, "percent_covered_display": "100", "missing_lines": 0, "excluded_lines": 2, "percent_statements_covered": 100.0, "percent_statements_covered_display": "100", "num_branches": 0, "num_partial_branches": 0, "covered_branches": 0, "missing_branches": 0, "percent_branches_covered": 100.0, "percent_branches_covered_display": "100"}, "missing_lines": [], "excluded_lines": [408, 409], "executed_branches": [], "missing_branches": []}}, "classes": {"TestResult": {"executed_lines": [], "summary": {"covered_lines": 0, "num_statements": 0, "percent_covered": 100.0, "percent_covered_display": "100", "missing_lines": 0, "excluded_lines": 0, "percent_statements_covered": 100.0, "percent_statements_covered_display": "100", "num_branches": 0, "num_partial_branches": 0, "covered_branches": 0, "missing_branches": 0, "percent_branches_covered": 100.0, "percent_branches_covered_display": "100"}, "missing_lines": [], "excluded_lines": [], "executed_branches": [], "missing_branches": []}, "TestSummary": {"executed_lines": [56, 57, 58], "summary": {"covered_lines": 3, "num_statements": 3, "percent_covered": 100.0, "percent_covered_display": "100", "missing_lines": 0, "excluded_lines": 0, "percent_statements_covered": 100.0, "percent_statements_covered_display": "100", "num_branches": 0, "num_partial_branches": 0, "covered_branches": 0, "missing_branches": 0, "percent_branches_covered": 100.0, "percent_branches_covered_display": "100"}, "missing_lines": [], "excluded_lines": [], "executed_branches": [], "missing_branches": []}, "": {"executed_lines": [2, 16, 17, 18, 19, 20, 21, 22, 23, 25, 26, 29, 30, 31, 33, 34, 35, 36, 37, 40, 41, 42, 44, 45, 46, 47, 48, 49, 50, 51, 52, 53, 55, 61, 63, 70, 71, 72, 73, 74, 75, 76, 77, 78, 80, 83, 89, 92, 93, 94, 95, 97, 98, 103, 104, 113, 117, 118, 121, 122, 123, 126, 127, 128, 130, 131, 132, 133, 134, 137, 138, 143, 144, 145, 146, 148, 151, 230, 295, 296, 302, 307, 313, 318, 323, 328, 334, 408], "summary": {"covered_lines": 84, "num_statements": 194, "percent_covered": 37.5968992248062, "percent_covered_display": "38", "missing_lines": 110, "excluded_lines": 2, "percent_statements_covered": 43.29896907216495, "percent_statements_covered_display": "43", "num_branches": 64, "num_partial_branches": 3, "covered_branches": 13, "missing_branches": 51, "percent_branches_covered": 20.3125, "percent_branches_covered_display": "20"}, "missing_lines": [96, 100, 114, 156, 158, 159, 160, 162, 174, 175, 178, 179, 180, 183, 184, 185, 187, 188, 189, 190, 192, 193, 198, 199, 200, 201, 204, 205, 206, 207, 210, 211, 213, 214, 215, 216, 217, 218, 219, 221, 222, 223, 224, 225, 227, 237, 238, 240, 258, 259, 261, 263, 270, 271, 272, 273, 275, 276, 277, 278, 279, 280, 281, 282, 283, 284, 285, 288, 289, 290, 292, 345, 346, 347, 350, 351, 352, 356, 357, 359, 360, 363, 364, 365, 371, 374, 375, 377, 378, 381, 382, 384, 385, 386, 387, 388, 389, 390, 392, 393, 394, 395, 396, 397, 398, 400, 401, 402, 403, 405], "excluded_lines": [408, 409], "executed_branches": [[75, 76], [75, 80], [93, 94], [93, 95], [95, 97], [97, 98], [113, 117], [126, 127], [126, 148], [137, 138], [137, 148], [143, 144], [143, 146]], "missing_branches": [[95, 96], [97, 100], [113, 114], [183, 184], [183, 204], [192, 193], [192, 204], [198, 199], [198, 201], [204, 205], [204, 210], [210, 211], [210, 213], [221, 222], [221, 227], [223, 224], [223, 227], [224, 223], [224, 225], [271, 272], [271, 288], [273, 275], [273, 288], [275, 276], [275, 288], [276, 275], [276, 277], [288, 289], [288, 292], [345, 346], [345, 350], [351, 352], [351, 363], [356, 357], [356, 359], [363, 364], [363, 377], [374, 375], [374, 381], [381, 382], [381, 384], [392, 393], [392, 400], [394, 395], [394, 400], [395, 394], [395, 396], [397, 394], [397, 398], [400, 401], [400, 405]]}}}}, "totals": {"covered_lines": 139, "num_statements": 349, "percent_covered": 35.57046979865772, "percent_covered_display": "36", "missing_lines": 210, "excluded_lines": 4, "percent_statements_covered": 39.82808022922636, "percent_statements_covered_display": "40", "num_branches": 98, "num_partial_branches": 4, "covered_branches": 20, "missing_branches": 78, "percent_branches_covered": 20.408163265306122, "percent_branches_covered_display": "20"}}